<?xml version="1.0" encoding="UTF-8"?>
<!-- Generated by org.testng.reporters.JUnitReportReporter -->
<testsuite hostname="DESKTOP-4HL67I5" failures="0" tests="3" name="TestCases.Palindrome" time="6.688" errors="0" timestamp="2024-04-16T12:02:08 NZST" skipped="0">
  <testcase classname="TestCases.Palindrome" name="setDriverSetUp" time="4.916"/>
  <testcase classname="TestCases.Palindrome" name="testFireFox" time="0.662"/>
  <testcase classname="TestCases.Palindrome" name="testData" time="1.110"/>
</testsuite> <!-- TestCases.Palindrome -->
