<?xml version="1.0" encoding="UTF-8"?>
<!-- Generated by org.testng.reporters.JUnitReportReporter -->
<testsuite hostname="DESKTOP-4HL67I5" failures="0" tests="2" name="TestCases.Palindrome" time="0.319" errors="0" timestamp="2024-04-16T13:20:36 NZST" skipped="0">
  <testcase classname="TestCases.Palindrome" name="ValidateData" time="0.005"/>
  <testcase classname="TestCases.Palindrome" name="testData" time="0.314"/>
</testsuite> <!-- TestCases.Palindrome -->
